TN:verilator_coverage
SF:../rtl/single_cycle.sv
DA:10,56
BRDA:10,0,A[0]:0->1,50
BRDA:10,0,A[0]:1->0,49
BRDA:10,0,A[10]:0->1,50
BRDA:10,0,A[10]:1->0,50
BRDA:10,0,A[11]:0->1,52
BRDA:10,0,A[11]:1->0,52
BRDA:10,0,A[12]:0->1,53
BRDA:10,0,A[12]:1->0,53
BRDA:10,0,A[13]:0->1,51
BRDA:10,0,A[13]:1->0,50
BRDA:10,0,A[14]:0->1,54
BRDA:10,0,A[14]:1->0,53
BRDA:10,0,A[15]:0->1,56
BRDA:10,0,A[15]:1->0,55
BRDA:10,0,A[1]:0->1,47
BRDA:10,0,A[1]:1->0,47
BRDA:10,0,A[2]:0->1,45
BRDA:10,0,A[2]:1->0,45
BRDA:10,0,A[3]:0->1,54
BRDA:10,0,A[3]:1->0,54
BRDA:10,0,A[4]:0->1,45
BRDA:10,0,A[4]:1->0,44
BRDA:10,0,A[5]:0->1,52
BRDA:10,0,A[5]:1->0,52
BRDA:10,0,A[6]:0->1,49
BRDA:10,0,A[6]:1->0,49
BRDA:10,0,A[7]:0->1,48
BRDA:10,0,A[7]:1->0,48
BRDA:10,0,A[8]:0->1,54
BRDA:10,0,A[8]:1->0,53
BRDA:10,0,A[9]:0->1,49
BRDA:10,0,A[9]:1->0,49
DA:11,56
BRDA:11,0,B[0]:0->1,49
BRDA:11,0,B[0]:1->0,49
BRDA:11,0,B[10]:0->1,47
BRDA:11,0,B[10]:1->0,46
BRDA:11,0,B[11]:0->1,56
BRDA:11,0,B[11]:1->0,55
BRDA:11,0,B[12]:0->1,54
BRDA:11,0,B[12]:1->0,53
BRDA:11,0,B[13]:0->1,54
BRDA:11,0,B[13]:1->0,53
BRDA:11,0,B[14]:0->1,50
BRDA:11,0,B[14]:1->0,50
BRDA:11,0,B[15]:0->1,50
BRDA:11,0,B[15]:1->0,49
BRDA:11,0,B[1]:0->1,56
BRDA:11,0,B[1]:1->0,55
BRDA:11,0,B[2]:0->1,43
BRDA:11,0,B[2]:1->0,43
BRDA:11,0,B[3]:0->1,53
BRDA:11,0,B[3]:1->0,52
BRDA:11,0,B[4]:0->1,46
BRDA:11,0,B[4]:1->0,45
BRDA:11,0,B[5]:0->1,53
BRDA:11,0,B[5]:1->0,53
BRDA:11,0,B[6]:0->1,48
BRDA:11,0,B[6]:1->0,47
BRDA:11,0,B[7]:0->1,49
BRDA:11,0,B[7]:1->0,48
BRDA:11,0,B[8]:0->1,54
BRDA:11,0,B[8]:1->0,53
BRDA:11,0,B[9]:0->1,54
BRDA:11,0,B[9]:1->0,53
DA:12,436
BRDA:12,0,clk:0->1,436
BRDA:12,0,clk:1->0,435
DA:13,1
BRDA:13,0,reset_n:0->1,1
BRDA:13,0,reset_n:1->0,0
DA:14,65
BRDA:14,0,start:0->1,65
BRDA:14,0,start:1->0,64
DA:15,55
BRDA:15,0,op[0]:0->1,55
BRDA:15,0,op[0]:1->0,54
BRDA:15,0,op[1]:0->1,41
BRDA:15,0,op[1]:1->0,40
BRDA:15,0,op[2]:0->1,31
BRDA:15,0,op[2]:1->0,31
DA:16,53
BRDA:16,0,done_aax:0->1,53
BRDA:16,0,done_aax:1->0,52
DA:17,34
BRDA:17,0,result_aax[0]:0->1,27
BRDA:17,0,result_aax[0]:1->0,26
BRDA:17,0,result_aax[10]:0->1,30
BRDA:17,0,result_aax[10]:1->0,29
BRDA:17,0,result_aax[11]:0->1,34
BRDA:17,0,result_aax[11]:1->0,33
BRDA:17,0,result_aax[12]:0->1,28
BRDA:17,0,result_aax[12]:1->0,27
BRDA:17,0,result_aax[13]:0->1,33
BRDA:17,0,result_aax[13]:1->0,33
BRDA:17,0,result_aax[14]:0->1,27
BRDA:17,0,result_aax[14]:1->0,26
BRDA:17,0,result_aax[15]:0->1,32
BRDA:17,0,result_aax[15]:1->0,32
BRDA:17,0,result_aax[1]:0->1,33
BRDA:17,0,result_aax[1]:1->0,32
BRDA:17,0,result_aax[2]:0->1,29
BRDA:17,0,result_aax[2]:1->0,29
BRDA:17,0,result_aax[3]:0->1,29
BRDA:17,0,result_aax[3]:1->0,28
BRDA:17,0,result_aax[4]:0->1,25
BRDA:17,0,result_aax[4]:1->0,25
BRDA:17,0,result_aax[5]:0->1,29
BRDA:17,0,result_aax[5]:1->0,29
BRDA:17,0,result_aax[6]:0->1,29
BRDA:17,0,result_aax[6]:1->0,28
BRDA:17,0,result_aax[7]:0->1,29
BRDA:17,0,result_aax[7]:1->0,28
BRDA:17,0,result_aax[8]:0->1,27
BRDA:17,0,result_aax[8]:1->0,27
BRDA:17,0,result_aax[9]:0->1,34
BRDA:17,0,result_aax[9]:1->0,33
DA:23,436
DA:24,431
BRDA:24,0,(reset_n==0) => 1,5
BRDA:24,0,(reset_n==1) => 0,431
BRDA:24,0,elsif,5
DA:25,5
DA:26,271
BRDA:26,0,if,160
BRDA:26,0,else,271
DA:27,160
DA:28,50
DA:29,34
DA:30,39
DA:31,37
DA:39,436
DA:40,431
BRDA:40,0,else,431
BRDA:40,0,(reset_n==0) => 1,5
BRDA:40,0,(reset_n==1) => 0,431
BRDA:40,0,if,5
DA:41,5
DA:42,431
DA:43,431
BRDA:43,0,else,431
BRDA:43,0,((op != $unit::OP_NOP)==0) => 0,148
BRDA:43,0,(start==0) => 0,271
BRDA:43,0,(start==1 && (op != $unit::OP_NOP)==1) => 1,123
BRF:123
BRH:117
end_of_record
SF:../rtl/three_cycle.sv
DA:12,56
BRDA:12,0,A[0]:0->1,50
BRDA:12,0,A[0]:1->0,49
BRDA:12,0,A[10]:0->1,50
BRDA:12,0,A[10]:1->0,50
BRDA:12,0,A[11]:0->1,52
BRDA:12,0,A[11]:1->0,52
BRDA:12,0,A[12]:0->1,53
BRDA:12,0,A[12]:1->0,53
BRDA:12,0,A[13]:0->1,51
BRDA:12,0,A[13]:1->0,50
BRDA:12,0,A[14]:0->1,54
BRDA:12,0,A[14]:1->0,53
BRDA:12,0,A[15]:0->1,56
BRDA:12,0,A[15]:1->0,55
BRDA:12,0,A[1]:0->1,47
BRDA:12,0,A[1]:1->0,47
BRDA:12,0,A[2]:0->1,45
BRDA:12,0,A[2]:1->0,45
BRDA:12,0,A[3]:0->1,54
BRDA:12,0,A[3]:1->0,54
BRDA:12,0,A[4]:0->1,45
BRDA:12,0,A[4]:1->0,44
BRDA:12,0,A[5]:0->1,52
BRDA:12,0,A[5]:1->0,52
BRDA:12,0,A[6]:0->1,49
BRDA:12,0,A[6]:1->0,49
BRDA:12,0,A[7]:0->1,48
BRDA:12,0,A[7]:1->0,48
BRDA:12,0,A[8]:0->1,54
BRDA:12,0,A[8]:1->0,53
BRDA:12,0,A[9]:0->1,49
BRDA:12,0,A[9]:1->0,49
DA:13,56
BRDA:13,0,B[0]:0->1,49
BRDA:13,0,B[0]:1->0,49
BRDA:13,0,B[10]:0->1,47
BRDA:13,0,B[10]:1->0,46
BRDA:13,0,B[11]:0->1,56
BRDA:13,0,B[11]:1->0,55
BRDA:13,0,B[12]:0->1,54
BRDA:13,0,B[12]:1->0,53
BRDA:13,0,B[13]:0->1,54
BRDA:13,0,B[13]:1->0,53
BRDA:13,0,B[14]:0->1,50
BRDA:13,0,B[14]:1->0,50
BRDA:13,0,B[15]:0->1,50
BRDA:13,0,B[15]:1->0,49
BRDA:13,0,B[1]:0->1,56
BRDA:13,0,B[1]:1->0,55
BRDA:13,0,B[2]:0->1,43
BRDA:13,0,B[2]:1->0,43
BRDA:13,0,B[3]:0->1,53
BRDA:13,0,B[3]:1->0,52
BRDA:13,0,B[4]:0->1,46
BRDA:13,0,B[4]:1->0,45
BRDA:13,0,B[5]:0->1,53
BRDA:13,0,B[5]:1->0,53
BRDA:13,0,B[6]:0->1,48
BRDA:13,0,B[6]:1->0,47
BRDA:13,0,B[7]:0->1,49
BRDA:13,0,B[7]:1->0,48
BRDA:13,0,B[8]:0->1,54
BRDA:13,0,B[8]:1->0,53
BRDA:13,0,B[9]:0->1,54
BRDA:13,0,B[9]:1->0,53
DA:14,436
BRDA:14,0,clk:0->1,436
BRDA:14,0,clk:1->0,435
DA:15,1
BRDA:15,0,reset_n:0->1,1
BRDA:15,0,reset_n:1->0,0
DA:16,40
BRDA:16,0,start:0->1,40
BRDA:16,0,start:1->0,40
DA:17,40
BRDA:17,0,done_mult:0->1,40
BRDA:17,0,done_mult:1->0,40
DA:18,60
BRDA:18,0,result_mult[0]:0->1,35
BRDA:18,0,result_mult[0]:1->0,35
BRDA:18,0,result_mult[10]:0->1,51
BRDA:18,0,result_mult[10]:1->0,51
BRDA:18,0,result_mult[11]:0->1,60
BRDA:18,0,result_mult[11]:1->0,59
BRDA:18,0,result_mult[12]:0->1,52
BRDA:18,0,result_mult[12]:1->0,52
BRDA:18,0,result_mult[13]:0->1,50
BRDA:18,0,result_mult[13]:1->0,49
BRDA:18,0,result_mult[14]:0->1,43
BRDA:18,0,result_mult[14]:1->0,43
BRDA:18,0,result_mult[15]:0->1,47
BRDA:18,0,result_mult[15]:1->0,46
BRDA:18,0,result_mult[1]:0->1,48
BRDA:18,0,result_mult[1]:1->0,48
BRDA:18,0,result_mult[2]:0->1,46
BRDA:18,0,result_mult[2]:1->0,45
BRDA:18,0,result_mult[3]:0->1,52
BRDA:18,0,result_mult[3]:1->0,51
BRDA:18,0,result_mult[4]:0->1,52
BRDA:18,0,result_mult[4]:1->0,51
BRDA:18,0,result_mult[5]:0->1,45
BRDA:18,0,result_mult[5]:1->0,45
BRDA:18,0,result_mult[6]:0->1,49
BRDA:18,0,result_mult[6]:1->0,49
BRDA:18,0,result_mult[7]:0->1,54
BRDA:18,0,result_mult[7]:1->0,54
BRDA:18,0,result_mult[8]:0->1,53
BRDA:18,0,result_mult[8]:1->0,53
BRDA:18,0,result_mult[9]:0->1,57
BRDA:18,0,result_mult[9]:1->0,56
DA:24,56
BRDA:24,0,a_pipe[0][0]:0->1,50
BRDA:24,0,a_pipe[0][0]:1->0,49
BRDA:24,0,a_pipe[0][10]:0->1,50
BRDA:24,0,a_pipe[0][10]:1->0,50
BRDA:24,0,a_pipe[0][11]:0->1,52
BRDA:24,0,a_pipe[0][11]:1->0,52
BRDA:24,0,a_pipe[0][12]:0->1,53
BRDA:24,0,a_pipe[0][12]:1->0,53
BRDA:24,0,a_pipe[0][13]:0->1,51
BRDA:24,0,a_pipe[0][13]:1->0,50
BRDA:24,0,a_pipe[0][14]:0->1,54
BRDA:24,0,a_pipe[0][14]:1->0,53
BRDA:24,0,a_pipe[0][15]:0->1,56
BRDA:24,0,a_pipe[0][15]:1->0,55
BRDA:24,0,a_pipe[0][1]:0->1,47
BRDA:24,0,a_pipe[0][1]:1->0,47
BRDA:24,0,a_pipe[0][2]:0->1,45
BRDA:24,0,a_pipe[0][2]:1->0,45
BRDA:24,0,a_pipe[0][3]:0->1,54
BRDA:24,0,a_pipe[0][3]:1->0,54
BRDA:24,0,a_pipe[0][4]:0->1,45
BRDA:24,0,a_pipe[0][4]:1->0,44
BRDA:24,0,a_pipe[0][5]:0->1,52
BRDA:24,0,a_pipe[0][5]:1->0,52
BRDA:24,0,a_pipe[0][6]:0->1,49
BRDA:24,0,a_pipe[0][6]:1->0,49
BRDA:24,0,a_pipe[0][7]:0->1,48
BRDA:24,0,a_pipe[0][7]:1->0,48
BRDA:24,0,a_pipe[0][8]:0->1,54
BRDA:24,0,a_pipe[0][8]:1->0,53
BRDA:24,0,a_pipe[0][9]:0->1,49
BRDA:24,0,a_pipe[0][9]:1->0,49
BRDA:24,0,a_pipe[1][0]:0->1,50
BRDA:24,0,a_pipe[1][0]:1->0,49
BRDA:24,0,a_pipe[1][10]:0->1,50
BRDA:24,0,a_pipe[1][10]:1->0,50
BRDA:24,0,a_pipe[1][11]:0->1,52
BRDA:24,0,a_pipe[1][11]:1->0,51
BRDA:24,0,a_pipe[1][12]:0->1,53
BRDA:24,0,a_pipe[1][12]:1->0,53
BRDA:24,0,a_pipe[1][13]:0->1,50
BRDA:24,0,a_pipe[1][13]:1->0,50
BRDA:24,0,a_pipe[1][14]:0->1,54
BRDA:24,0,a_pipe[1][14]:1->0,53
BRDA:24,0,a_pipe[1][15]:0->1,55
BRDA:24,0,a_pipe[1][15]:1->0,55
BRDA:24,0,a_pipe[1][1]:0->1,47
BRDA:24,0,a_pipe[1][1]:1->0,47
BRDA:24,0,a_pipe[1][2]:0->1,45
BRDA:24,0,a_pipe[1][2]:1->0,45
BRDA:24,0,a_pipe[1][3]:0->1,54
BRDA:24,0,a_pipe[1][3]:1->0,54
BRDA:24,0,a_pipe[1][4]:0->1,44
BRDA:24,0,a_pipe[1][4]:1->0,44
BRDA:24,0,a_pipe[1][5]:0->1,52
BRDA:24,0,a_pipe[1][5]:1->0,51
BRDA:24,0,a_pipe[1][6]:0->1,49
BRDA:24,0,a_pipe[1][6]:1->0,48
BRDA:24,0,a_pipe[1][7]:0->1,48
BRDA:24,0,a_pipe[1][7]:1->0,48
BRDA:24,0,a_pipe[1][8]:0->1,53
BRDA:24,0,a_pipe[1][8]:1->0,53
BRDA:24,0,a_pipe[1][9]:0->1,49
BRDA:24,0,a_pipe[1][9]:1->0,49
BRDA:24,0,a_pipe[2][0]:0->1,49
BRDA:24,0,a_pipe[2][0]:1->0,49
BRDA:24,0,a_pipe[2][10]:0->1,50
BRDA:24,0,a_pipe[2][10]:1->0,50
BRDA:24,0,a_pipe[2][11]:0->1,52
BRDA:24,0,a_pipe[2][11]:1->0,51
BRDA:24,0,a_pipe[2][12]:0->1,53
BRDA:24,0,a_pipe[2][12]:1->0,52
BRDA:24,0,a_pipe[2][13]:0->1,50
BRDA:24,0,a_pipe[2][13]:1->0,50
BRDA:24,0,a_pipe[2][14]:0->1,54
BRDA:24,0,a_pipe[2][14]:1->0,53
BRDA:24,0,a_pipe[2][15]:0->1,55
BRDA:24,0,a_pipe[2][15]:1->0,55
BRDA:24,0,a_pipe[2][1]:0->1,47
BRDA:24,0,a_pipe[2][1]:1->0,47
BRDA:24,0,a_pipe[2][2]:0->1,45
BRDA:24,0,a_pipe[2][2]:1->0,45
BRDA:24,0,a_pipe[2][3]:0->1,54
BRDA:24,0,a_pipe[2][3]:1->0,54
BRDA:24,0,a_pipe[2][4]:0->1,44
BRDA:24,0,a_pipe[2][4]:1->0,44
BRDA:24,0,a_pipe[2][5]:0->1,51
BRDA:24,0,a_pipe[2][5]:1->0,51
BRDA:24,0,a_pipe[2][6]:0->1,48
BRDA:24,0,a_pipe[2][6]:1->0,48
BRDA:24,0,a_pipe[2][7]:0->1,48
BRDA:24,0,a_pipe[2][7]:1->0,48
BRDA:24,0,a_pipe[2][8]:0->1,53
BRDA:24,0,a_pipe[2][8]:1->0,53
BRDA:24,0,a_pipe[2][9]:0->1,49
BRDA:24,0,a_pipe[2][9]:1->0,48
DA:25,56
BRDA:25,0,b_pipe[0][0]:0->1,49
BRDA:25,0,b_pipe[0][0]:1->0,49
BRDA:25,0,b_pipe[0][10]:0->1,47
BRDA:25,0,b_pipe[0][10]:1->0,46
BRDA:25,0,b_pipe[0][11]:0->1,56
BRDA:25,0,b_pipe[0][11]:1->0,55
BRDA:25,0,b_pipe[0][12]:0->1,54
BRDA:25,0,b_pipe[0][12]:1->0,53
BRDA:25,0,b_pipe[0][13]:0->1,54
BRDA:25,0,b_pipe[0][13]:1->0,53
BRDA:25,0,b_pipe[0][14]:0->1,50
BRDA:25,0,b_pipe[0][14]:1->0,50
BRDA:25,0,b_pipe[0][15]:0->1,50
BRDA:25,0,b_pipe[0][15]:1->0,49
BRDA:25,0,b_pipe[0][1]:0->1,56
BRDA:25,0,b_pipe[0][1]:1->0,55
BRDA:25,0,b_pipe[0][2]:0->1,43
BRDA:25,0,b_pipe[0][2]:1->0,43
BRDA:25,0,b_pipe[0][3]:0->1,53
BRDA:25,0,b_pipe[0][3]:1->0,52
BRDA:25,0,b_pipe[0][4]:0->1,46
BRDA:25,0,b_pipe[0][4]:1->0,45
BRDA:25,0,b_pipe[0][5]:0->1,53
BRDA:25,0,b_pipe[0][5]:1->0,53
BRDA:25,0,b_pipe[0][6]:0->1,48
BRDA:25,0,b_pipe[0][6]:1->0,47
BRDA:25,0,b_pipe[0][7]:0->1,49
BRDA:25,0,b_pipe[0][7]:1->0,48
BRDA:25,0,b_pipe[0][8]:0->1,54
BRDA:25,0,b_pipe[0][8]:1->0,53
BRDA:25,0,b_pipe[0][9]:0->1,54
BRDA:25,0,b_pipe[0][9]:1->0,53
BRDA:25,0,b_pipe[1][0]:0->1,49
BRDA:25,0,b_pipe[1][0]:1->0,49
BRDA:25,0,b_pipe[1][10]:0->1,47
BRDA:25,0,b_pipe[1][10]:1->0,46
BRDA:25,0,b_pipe[1][11]:0->1,55
BRDA:25,0,b_pipe[1][11]:1->0,55
BRDA:25,0,b_pipe[1][12]:0->1,54
BRDA:25,0,b_pipe[1][12]:1->0,53
BRDA:25,0,b_pipe[1][13]:0->1,53
BRDA:25,0,b_pipe[1][13]:1->0,53
BRDA:25,0,b_pipe[1][14]:0->1,50
BRDA:25,0,b_pipe[1][14]:1->0,50
BRDA:25,0,b_pipe[1][15]:0->1,49
BRDA:25,0,b_pipe[1][15]:1->0,49
BRDA:25,0,b_pipe[1][1]:0->1,56
BRDA:25,0,b_pipe[1][1]:1->0,55
BRDA:25,0,b_pipe[1][2]:0->1,43
BRDA:25,0,b_pipe[1][2]:1->0,43
BRDA:25,0,b_pipe[1][3]:0->1,52
BRDA:25,0,b_pipe[1][3]:1->0,52
BRDA:25,0,b_pipe[1][4]:0->1,46
BRDA:25,0,b_pipe[1][4]:1->0,45
BRDA:25,0,b_pipe[1][5]:0->1,53
BRDA:25,0,b_pipe[1][5]:1->0,53
BRDA:25,0,b_pipe[1][6]:0->1,48
BRDA:25,0,b_pipe[1][6]:1->0,47
BRDA:25,0,b_pipe[1][7]:0->1,48
BRDA:25,0,b_pipe[1][7]:1->0,48
BRDA:25,0,b_pipe[1][8]:0->1,53
BRDA:25,0,b_pipe[1][8]:1->0,53
BRDA:25,0,b_pipe[1][9]:0->1,53
BRDA:25,0,b_pipe[1][9]:1->0,53
BRDA:25,0,b_pipe[2][0]:0->1,49
BRDA:25,0,b_pipe[2][0]:1->0,48
BRDA:25,0,b_pipe[2][10]:0->1,46
BRDA:25,0,b_pipe[2][10]:1->0,46
BRDA:25,0,b_pipe[2][11]:0->1,55
BRDA:25,0,b_pipe[2][11]:1->0,54
BRDA:25,0,b_pipe[2][12]:0->1,53
BRDA:25,0,b_pipe[2][12]:1->0,53
BRDA:25,0,b_pipe[2][13]:0->1,53
BRDA:25,0,b_pipe[2][13]:1->0,53
BRDA:25,0,b_pipe[2][14]:0->1,50
BRDA:25,0,b_pipe[2][14]:1->0,49
BRDA:25,0,b_pipe[2][15]:0->1,49
BRDA:25,0,b_pipe[2][15]:1->0,48
BRDA:25,0,b_pipe[2][1]:0->1,55
BRDA:25,0,b_pipe[2][1]:1->0,55
BRDA:25,0,b_pipe[2][2]:0->1,43
BRDA:25,0,b_pipe[2][2]:1->0,43
BRDA:25,0,b_pipe[2][3]:0->1,52
BRDA:25,0,b_pipe[2][3]:1->0,51
BRDA:25,0,b_pipe[2][4]:0->1,45
BRDA:25,0,b_pipe[2][4]:1->0,45
BRDA:25,0,b_pipe[2][5]:0->1,53
BRDA:25,0,b_pipe[2][5]:1->0,53
BRDA:25,0,b_pipe[2][6]:0->1,48
BRDA:25,0,b_pipe[2][6]:1->0,47
BRDA:25,0,b_pipe[2][7]:0->1,48
BRDA:25,0,b_pipe[2][7]:1->0,47
BRDA:25,0,b_pipe[2][8]:0->1,53
BRDA:25,0,b_pipe[2][8]:1->0,53
BRDA:25,0,b_pipe[2][9]:0->1,53
BRDA:25,0,b_pipe[2][9]:1->0,52
DA:26,60
BRDA:26,0,mult_pipe[0][0]:0->1,35
BRDA:26,0,mult_pipe[0][0]:1->0,35
BRDA:26,0,mult_pipe[0][10]:0->1,52
BRDA:26,0,mult_pipe[0][10]:1->0,51
BRDA:26,0,mult_pipe[0][11]:0->1,60
BRDA:26,0,mult_pipe[0][11]:1->0,60
BRDA:26,0,mult_pipe[0][12]:0->1,53
BRDA:26,0,mult_pipe[0][12]:1->0,52
BRDA:26,0,mult_pipe[0][13]:0->1,50
BRDA:26,0,mult_pipe[0][13]:1->0,50
BRDA:26,0,mult_pipe[0][14]:0->1,44
BRDA:26,0,mult_pipe[0][14]:1->0,43
BRDA:26,0,mult_pipe[0][15]:0->1,47
BRDA:26,0,mult_pipe[0][15]:1->0,47
BRDA:26,0,mult_pipe[0][1]:0->1,49
BRDA:26,0,mult_pipe[0][1]:1->0,48
BRDA:26,0,mult_pipe[0][2]:0->1,46
BRDA:26,0,mult_pipe[0][2]:1->0,46
BRDA:26,0,mult_pipe[0][3]:0->1,53
BRDA:26,0,mult_pipe[0][3]:1->0,52
BRDA:26,0,mult_pipe[0][4]:0->1,53
BRDA:26,0,mult_pipe[0][4]:1->0,52
BRDA:26,0,mult_pipe[0][5]:0->1,46
BRDA:26,0,mult_pipe[0][5]:1->0,45
BRDA:26,0,mult_pipe[0][6]:0->1,50
BRDA:26,0,mult_pipe[0][6]:1->0,49
BRDA:26,0,mult_pipe[0][7]:0->1,54
BRDA:26,0,mult_pipe[0][7]:1->0,54
BRDA:26,0,mult_pipe[0][8]:0->1,54
BRDA:26,0,mult_pipe[0][8]:1->0,53
BRDA:26,0,mult_pipe[0][9]:0->1,57
BRDA:26,0,mult_pipe[0][9]:1->0,56
BRDA:26,0,mult_pipe[1][0]:0->1,35
BRDA:26,0,mult_pipe[1][0]:1->0,35
BRDA:26,0,mult_pipe[1][10]:0->1,51
BRDA:26,0,mult_pipe[1][10]:1->0,51
BRDA:26,0,mult_pipe[1][11]:0->1,60
BRDA:26,0,mult_pipe[1][11]:1->0,60
BRDA:26,0,mult_pipe[1][12]:0->1,52
BRDA:26,0,mult_pipe[1][12]:1->0,52
BRDA:26,0,mult_pipe[1][13]:0->1,50
BRDA:26,0,mult_pipe[1][13]:1->0,50
BRDA:26,0,mult_pipe[1][14]:0->1,44
BRDA:26,0,mult_pipe[1][14]:1->0,43
BRDA:26,0,mult_pipe[1][15]:0->1,47
BRDA:26,0,mult_pipe[1][15]:1->0,46
BRDA:26,0,mult_pipe[1][1]:0->1,49
BRDA:26,0,mult_pipe[1][1]:1->0,48
BRDA:26,0,mult_pipe[1][2]:0->1,46
BRDA:26,0,mult_pipe[1][2]:1->0,46
BRDA:26,0,mult_pipe[1][3]:0->1,52
BRDA:26,0,mult_pipe[1][3]:1->0,52
BRDA:26,0,mult_pipe[1][4]:0->1,53
BRDA:26,0,mult_pipe[1][4]:1->0,52
BRDA:26,0,mult_pipe[1][5]:0->1,45
BRDA:26,0,mult_pipe[1][5]:1->0,45
BRDA:26,0,mult_pipe[1][6]:0->1,49
BRDA:26,0,mult_pipe[1][6]:1->0,49
BRDA:26,0,mult_pipe[1][7]:0->1,54
BRDA:26,0,mult_pipe[1][7]:1->0,54
BRDA:26,0,mult_pipe[1][8]:0->1,54
BRDA:26,0,mult_pipe[1][8]:1->0,53
BRDA:26,0,mult_pipe[1][9]:0->1,57
BRDA:26,0,mult_pipe[1][9]:1->0,56
BRDA:26,0,mult_pipe[2][0]:0->1,35
BRDA:26,0,mult_pipe[2][0]:1->0,35
BRDA:26,0,mult_pipe[2][10]:0->1,51
BRDA:26,0,mult_pipe[2][10]:1->0,51
BRDA:26,0,mult_pipe[2][11]:0->1,60
BRDA:26,0,mult_pipe[2][11]:1->0,59
BRDA:26,0,mult_pipe[2][12]:0->1,52
BRDA:26,0,mult_pipe[2][12]:1->0,52
BRDA:26,0,mult_pipe[2][13]:0->1,50
BRDA:26,0,mult_pipe[2][13]:1->0,49
BRDA:26,0,mult_pipe[2][14]:0->1,43
BRDA:26,0,mult_pipe[2][14]:1->0,43
BRDA:26,0,mult_pipe[2][15]:0->1,47
BRDA:26,0,mult_pipe[2][15]:1->0,46
BRDA:26,0,mult_pipe[2][1]:0->1,48
BRDA:26,0,mult_pipe[2][1]:1->0,48
BRDA:26,0,mult_pipe[2][2]:0->1,46
BRDA:26,0,mult_pipe[2][2]:1->0,46
BRDA:26,0,mult_pipe[2][3]:0->1,52
BRDA:26,0,mult_pipe[2][3]:1->0,52
BRDA:26,0,mult_pipe[2][4]:0->1,52
BRDA:26,0,mult_pipe[2][4]:1->0,52
BRDA:26,0,mult_pipe[2][5]:0->1,45
BRDA:26,0,mult_pipe[2][5]:1->0,45
BRDA:26,0,mult_pipe[2][6]:0->1,49
BRDA:26,0,mult_pipe[2][6]:1->0,49
BRDA:26,0,mult_pipe[2][7]:0->1,54
BRDA:26,0,mult_pipe[2][7]:1->0,54
BRDA:26,0,mult_pipe[2][8]:0->1,53
BRDA:26,0,mult_pipe[2][8]:1->0,53
BRDA:26,0,mult_pipe[2][9]:0->1,57
BRDA:26,0,mult_pipe[2][9]:1->0,56
DA:27,40
BRDA:27,0,done_pipe[0]:0->1,40
BRDA:27,0,done_pipe[0]:1->0,40
BRDA:27,0,done_pipe[1]:0->1,40
BRDA:27,0,done_pipe[1]:1->0,40
BRDA:27,0,done_pipe[2]:0->1,40
BRDA:27,0,done_pipe[2]:1->0,40
DA:34,436
DA:35,431
BRDA:35,0,else,431
BRDA:35,0,(reset_n==0) => 1,5
BRDA:35,0,(reset_n==1) => 0,431
BRDA:35,0,if,5
DA:36,15
BRDA:36,0,if,5
BRDA:36,0,block,15
DA:37,15
DA:38,15
DA:39,15
DA:40,15
DA:42,5
DA:43,5
DA:44,431
DA:46,431
DA:47,431
DA:48,431
DA:49,431
DA:52,862
BRDA:52,0,else,431
BRDA:52,0,block,862
DA:53,862
DA:54,862
DA:55,862
DA:56,862
DA:60,431
DA:61,431
BRF:406
BRH:401
end_of_record
SF:../rtl/tinyalu.sv
DA:11,56
BRDA:11,0,A[0]:0->1,50
BRDA:11,0,A[0]:1->0,49
BRDA:11,0,A[10]:0->1,50
BRDA:11,0,A[10]:1->0,50
BRDA:11,0,A[11]:0->1,52
BRDA:11,0,A[11]:1->0,52
BRDA:11,0,A[12]:0->1,53
BRDA:11,0,A[12]:1->0,53
BRDA:11,0,A[13]:0->1,51
BRDA:11,0,A[13]:1->0,50
BRDA:11,0,A[14]:0->1,54
BRDA:11,0,A[14]:1->0,53
BRDA:11,0,A[15]:0->1,56
BRDA:11,0,A[15]:1->0,55
BRDA:11,0,A[1]:0->1,47
BRDA:11,0,A[1]:1->0,47
BRDA:11,0,A[2]:0->1,45
BRDA:11,0,A[2]:1->0,45
BRDA:11,0,A[3]:0->1,54
BRDA:11,0,A[3]:1->0,54
BRDA:11,0,A[4]:0->1,45
BRDA:11,0,A[4]:1->0,44
BRDA:11,0,A[5]:0->1,52
BRDA:11,0,A[5]:1->0,52
BRDA:11,0,A[6]:0->1,49
BRDA:11,0,A[6]:1->0,49
BRDA:11,0,A[7]:0->1,48
BRDA:11,0,A[7]:1->0,48
BRDA:11,0,A[8]:0->1,54
BRDA:11,0,A[8]:1->0,53
BRDA:11,0,A[9]:0->1,49
BRDA:11,0,A[9]:1->0,49
DA:12,56
BRDA:12,0,B[0]:0->1,49
BRDA:12,0,B[0]:1->0,49
BRDA:12,0,B[10]:0->1,47
BRDA:12,0,B[10]:1->0,46
BRDA:12,0,B[11]:0->1,56
BRDA:12,0,B[11]:1->0,55
BRDA:12,0,B[12]:0->1,54
BRDA:12,0,B[12]:1->0,53
BRDA:12,0,B[13]:0->1,54
BRDA:12,0,B[13]:1->0,53
BRDA:12,0,B[14]:0->1,50
BRDA:12,0,B[14]:1->0,50
BRDA:12,0,B[15]:0->1,50
BRDA:12,0,B[15]:1->0,49
BRDA:12,0,B[1]:0->1,56
BRDA:12,0,B[1]:1->0,55
BRDA:12,0,B[2]:0->1,43
BRDA:12,0,B[2]:1->0,43
BRDA:12,0,B[3]:0->1,53
BRDA:12,0,B[3]:1->0,52
BRDA:12,0,B[4]:0->1,46
BRDA:12,0,B[4]:1->0,45
BRDA:12,0,B[5]:0->1,53
BRDA:12,0,B[5]:1->0,53
BRDA:12,0,B[6]:0->1,48
BRDA:12,0,B[6]:1->0,47
BRDA:12,0,B[7]:0->1,49
BRDA:12,0,B[7]:1->0,48
BRDA:12,0,B[8]:0->1,54
BRDA:12,0,B[8]:1->0,53
BRDA:12,0,B[9]:0->1,54
BRDA:12,0,B[9]:1->0,53
DA:13,436
BRDA:13,0,clk:0->1,436
BRDA:13,0,clk:1->0,435
DA:14,1
BRDA:14,0,reset_n:0->1,1
BRDA:14,0,reset_n:1->0,0
DA:15,78
BRDA:15,0,start:0->1,78
BRDA:15,0,start:1->0,77
DA:16,55
BRDA:16,0,op[0]:0->1,55
BRDA:16,0,op[0]:1->0,54
BRDA:16,0,op[1]:0->1,41
BRDA:16,0,op[1]:1->0,40
BRDA:16,0,op[2]:0->1,31
BRDA:16,0,op[2]:1->0,31
DA:17,93
BRDA:17,0,done:0->1,93
BRDA:17,0,done:1->0,92
DA:18,98
BRDA:18,0,result[0]:0->1,72
BRDA:18,0,result[0]:1->0,71
BRDA:18,0,result[10]:0->1,84
BRDA:18,0,result[10]:1->0,83
BRDA:18,0,result[11]:0->1,98
BRDA:18,0,result[11]:1->0,97
BRDA:18,0,result[12]:0->1,80
BRDA:18,0,result[12]:1->0,79
BRDA:18,0,result[13]:0->1,83
BRDA:18,0,result[13]:1->0,83
BRDA:18,0,result[14]:0->1,75
BRDA:18,0,result[14]:1->0,74
BRDA:18,0,result[15]:0->1,83
BRDA:18,0,result[15]:1->0,83
BRDA:18,0,result[1]:0->1,82
BRDA:18,0,result[1]:1->0,81
BRDA:18,0,result[2]:0->1,81
BRDA:18,0,result[2]:1->0,81
BRDA:18,0,result[3]:0->1,74
BRDA:18,0,result[3]:1->0,73
BRDA:18,0,result[4]:0->1,77
BRDA:18,0,result[4]:1->0,77
BRDA:18,0,result[5]:0->1,73
BRDA:18,0,result[5]:1->0,73
BRDA:18,0,result[6]:0->1,80
BRDA:18,0,result[6]:1->0,79
BRDA:18,0,result[7]:0->1,89
BRDA:18,0,result[7]:1->0,88
BRDA:18,0,result[8]:0->1,81
BRDA:18,0,result[8]:1->0,81
BRDA:18,0,result[9]:0->1,88
BRDA:18,0,result[9]:1->0,87
DA:24,65
BRDA:24,0,start_single:0->1,65
BRDA:24,0,start_single:1->0,64
DA:25,40
BRDA:25,0,start_mult:0->1,40
BRDA:25,0,start_mult:1->0,40
DA:27,53
BRDA:27,0,done_aax:0->1,53
BRDA:27,0,done_aax:1->0,52
DA:28,40
BRDA:28,0,done_mult:0->1,40
BRDA:28,0,done_mult:1->0,40
DA:30,34
BRDA:30,0,result_aax[0]:0->1,27
BRDA:30,0,result_aax[0]:1->0,26
BRDA:30,0,result_aax[10]:0->1,30
BRDA:30,0,result_aax[10]:1->0,29
BRDA:30,0,result_aax[11]:0->1,34
BRDA:30,0,result_aax[11]:1->0,33
BRDA:30,0,result_aax[12]:0->1,28
BRDA:30,0,result_aax[12]:1->0,27
BRDA:30,0,result_aax[13]:0->1,33
BRDA:30,0,result_aax[13]:1->0,33
BRDA:30,0,result_aax[14]:0->1,27
BRDA:30,0,result_aax[14]:1->0,26
BRDA:30,0,result_aax[15]:0->1,32
BRDA:30,0,result_aax[15]:1->0,32
BRDA:30,0,result_aax[1]:0->1,33
BRDA:30,0,result_aax[1]:1->0,32
BRDA:30,0,result_aax[2]:0->1,29
BRDA:30,0,result_aax[2]:1->0,29
BRDA:30,0,result_aax[3]:0->1,29
BRDA:30,0,result_aax[3]:1->0,28
BRDA:30,0,result_aax[4]:0->1,25
BRDA:30,0,result_aax[4]:1->0,25
BRDA:30,0,result_aax[5]:0->1,29
BRDA:30,0,result_aax[5]:1->0,29
BRDA:30,0,result_aax[6]:0->1,29
BRDA:30,0,result_aax[6]:1->0,28
BRDA:30,0,result_aax[7]:0->1,29
BRDA:30,0,result_aax[7]:1->0,28
BRDA:30,0,result_aax[8]:0->1,27
BRDA:30,0,result_aax[8]:1->0,27
BRDA:30,0,result_aax[9]:0->1,34
BRDA:30,0,result_aax[9]:1->0,33
DA:31,60
BRDA:31,0,result_mult[0]:0->1,35
BRDA:31,0,result_mult[0]:1->0,35
BRDA:31,0,result_mult[10]:0->1,51
BRDA:31,0,result_mult[10]:1->0,51
BRDA:31,0,result_mult[11]:0->1,60
BRDA:31,0,result_mult[11]:1->0,59
BRDA:31,0,result_mult[12]:0->1,52
BRDA:31,0,result_mult[12]:1->0,52
BRDA:31,0,result_mult[13]:0->1,50
BRDA:31,0,result_mult[13]:1->0,49
BRDA:31,0,result_mult[14]:0->1,43
BRDA:31,0,result_mult[14]:1->0,43
BRDA:31,0,result_mult[15]:0->1,47
BRDA:31,0,result_mult[15]:1->0,46
BRDA:31,0,result_mult[1]:0->1,48
BRDA:31,0,result_mult[1]:1->0,48
BRDA:31,0,result_mult[2]:0->1,46
BRDA:31,0,result_mult[2]:1->0,45
BRDA:31,0,result_mult[3]:0->1,52
BRDA:31,0,result_mult[3]:1->0,51
BRDA:31,0,result_mult[4]:0->1,52
BRDA:31,0,result_mult[4]:1->0,51
BRDA:31,0,result_mult[5]:0->1,45
BRDA:31,0,result_mult[5]:1->0,45
BRDA:31,0,result_mult[6]:0->1,49
BRDA:31,0,result_mult[6]:1->0,49
BRDA:31,0,result_mult[7]:0->1,54
BRDA:31,0,result_mult[7]:1->0,54
BRDA:31,0,result_mult[8]:0->1,53
BRDA:31,0,result_mult[8]:1->0,53
BRDA:31,0,result_mult[9]:0->1,57
BRDA:31,0,result_mult[9]:1->0,56
DA:32,63
BRDA:32,0,prev_result[0]:0->1,46
BRDA:32,0,prev_result[0]:1->0,46
BRDA:32,0,prev_result[10]:0->1,55
BRDA:32,0,prev_result[10]:1->0,55
BRDA:32,0,prev_result[11]:0->1,63
BRDA:32,0,prev_result[11]:1->0,63
BRDA:32,0,prev_result[12]:0->1,50
BRDA:32,0,prev_result[12]:1->0,50
BRDA:32,0,prev_result[13]:0->1,56
BRDA:32,0,prev_result[13]:1->0,56
BRDA:32,0,prev_result[14]:0->1,52
BRDA:32,0,prev_result[14]:1->0,52
BRDA:32,0,prev_result[15]:0->1,49
BRDA:32,0,prev_result[15]:1->0,49
BRDA:32,0,prev_result[1]:0->1,54
BRDA:32,0,prev_result[1]:1->0,54
BRDA:32,0,prev_result[2]:0->1,54
BRDA:32,0,prev_result[2]:1->0,54
BRDA:32,0,prev_result[3]:0->1,50
BRDA:32,0,prev_result[3]:1->0,50
BRDA:32,0,prev_result[4]:0->1,46
BRDA:32,0,prev_result[4]:1->0,46
BRDA:32,0,prev_result[5]:0->1,48
BRDA:32,0,prev_result[5]:1->0,48
BRDA:32,0,prev_result[6]:0->1,49
BRDA:32,0,prev_result[6]:1->0,48
BRDA:32,0,prev_result[7]:0->1,53
BRDA:32,0,prev_result[7]:1->0,53
BRDA:32,0,prev_result[8]:0->1,51
BRDA:32,0,prev_result[8]:1->0,51
BRDA:32,0,prev_result[9]:0->1,59
BRDA:32,0,prev_result[9]:1->0,59
DA:36,436
DA:37,436
DA:38,431
BRDA:38,0,elsif,5
BRDA:38,0,(reset_n==0) => 1,5
BRDA:38,0,(reset_n==1) => 0,431
DA:39,5
DA:40,5
DA:41,5
DA:42,5
DA:43,5
DA:44,5
DA:46,231
BRDA:46,0,if,200
BRDA:46,0,else,231
DA:47,200
DA:48,200
DA:49,50
DA:50,34
DA:51,39
DA:52,40
DA:53,37
DA:62,249
DA:63,169
BRDA:63,0,else,169
BRDA:63,0,if,80
DA:64,80
DA:65,80
DA:66,169
DA:67,169
DA:68,169
DA:75,594
DA:76,594
DA:77,594
DA:79,594
DA:80,187
DA:81,89
DA:82,60
DA:83,67
DA:84,191
DA:85,0
DA:92,594
DA:93,594
DA:94,594
DA:96,594
DA:97,187
DA:98,89
DA:99,60
DA:100,67
DA:101,191
DA:102,0
DA:109,436
DA:110,431
BRDA:110,0,else,431
BRDA:110,0,(reset_n==0) => 1,5
BRDA:110,0,(reset_n==1) => 0,431
BRDA:110,0,if,5
DA:111,5
DA:113,431
BRF:225
BRH:219
end_of_record
